2025-07-16 14:55:03,547 [INFO] üöÄ COMPREHENSIVE E2E TEST SUITE INITIALIZED
2025-07-16 14:55:03,548 [INFO] ================================================================================
2025-07-16 14:55:03,548 [INFO] Project: AI-Powered Content Management System
2025-07-16 14:55:03,548 [INFO] Goals to test: 3
2025-07-16 14:55:03,548 [INFO] ================================================================================
2025-07-16 14:55:03,548 [INFO] üéØ STARTING COMPREHENSIVE E2E TEST - NO SIMULATIONS
2025-07-16 14:55:03,548 [INFO] üìã PHASE 1: SETUP AND GOAL CREATION
2025-07-16 14:55:03,605 [INFO] ‚úÖ Created workspace: ac340126-20dc-4241-a7d7-0ae929c4a469
2025-07-16 14:55:03,882 [INFO] ‚úÖ Created goal 1: feature_completion_rate (ID: 8c1825e6-2137-4a07-a17d-72ff31b5e039)
2025-07-16 14:55:06,152 [INFO] ‚úÖ Created goal 2: ai_integration_score (ID: 16943800-932e-448a-a75a-4c9be99abbca)
2025-07-16 14:55:08,504 [INFO] ‚úÖ Created goal 3: quality_assurance_coverage (ID: 33ba856c-7ad0-45de-b41c-ec5d9f5f6fa9)
2025-07-16 14:55:10,505 [INFO] ‚úÖ Phase 1 Complete - Created 3 goals
2025-07-16 14:55:10,506 [INFO] üéØ PHASE 2: ASSET REQUIREMENTS GENERATION
2025-07-16 14:55:10,506 [INFO] Generating asset requirements for goal: 8c1825e6-2137-4a07-a17d-72ff31b5e039
2025-07-16 14:55:10,562 [INFO] ‚úÖ Generated 1 asset requirements for goal 8c1825e6-2137-4a07-a17d-72ff31b5e039
2025-07-16 14:55:10,562 [WARNING] ‚ö†Ô∏è Asset requirement Asset for feature_completion_rate may not be concrete enough
2025-07-16 14:55:15,563 [INFO] Generating asset requirements for goal: 16943800-932e-448a-a75a-4c9be99abbca
2025-07-16 14:55:15,618 [INFO] ‚úÖ Generated 1 asset requirements for goal 16943800-932e-448a-a75a-4c9be99abbca
2025-07-16 14:55:15,619 [WARNING] ‚ö†Ô∏è Asset requirement Asset for ai_integration_score may not be concrete enough
2025-07-16 14:55:20,620 [INFO] Generating asset requirements for goal: 33ba856c-7ad0-45de-b41c-ec5d9f5f6fa9
2025-07-16 14:55:20,666 [INFO] ‚úÖ Generated 1 asset requirements for goal 33ba856c-7ad0-45de-b41c-ec5d9f5f6fa9
2025-07-16 14:55:20,666 [WARNING] ‚ö†Ô∏è Asset requirement Asset for quality_assurance_coverage may not be concrete enough
2025-07-16 14:55:25,730 [INFO] ‚úÖ Phase 2 Complete - Total asset requirements: 0
2025-07-16 14:55:25,730 [INFO] ü§ñ PHASE 3: MULTI-AGENT ORCHESTRATION (EXTENDED LOGIC)
2025-07-16 14:55:25,730 [INFO] ‚è≥ Generating team proposal...
2025-07-16 14:55:40,585 [INFO] ‚úÖ Team proposal generated: 7e6d14a6-16b6-48c9-a014-7dc0d01297c3
2025-07-16 14:55:40,585 [INFO] ‚è≥ Approving team proposal and initiating task generation...
2025-07-16 14:56:08,781 [INFO] ‚úÖ Team proposal approved.
2025-07-16 14:56:08,782 [INFO] ‚è±Ô∏è Waiting for task creation (up to 120 seconds)...
2025-07-16 14:56:08,782 [INFO] Checking for tasks in workspace ac340126-20dc-4241-a7d7-0ae929c4a469...
2025-07-16 14:56:08,931 [INFO] ‚úÖ Found 3 tasks.
2025-07-16 14:56:09,072 [INFO] ‚úÖ Phase 3 Complete - 3 tasks created.
2025-07-16 14:56:09,072 [INFO] üõ°Ô∏è PHASE 4: TASK EXECUTION AND QUALITY GATES
2025-07-16 14:56:09,362 [INFO] üîß Unified Quality Engine initialized successfully
2025-07-16 14:56:09,362 [WARNING] AI Quality Assurance system not fully available: cannot import name 'AIQualityEvaluator' from 'backend.ai_quality_assurance.unified_quality_engine' (/Users/pelleri/Documents/ai-team-orchestrator/backend/ai_quality_assurance/unified_quality_engine.py)
2025-07-16 14:56:09,363 [INFO] üöÄ Triggering immediate quality validation for workspace...
2025-07-16 14:56:09,363 [INFO] Triggering quality check for workspace ac340126-20dc-4241-a7d7-0ae929c4a469
2025-07-16 14:56:09,363 [WARNING] ‚ö†Ô∏è Failed to trigger quality validation: name 'asyncio' is not defined
2025-07-16 14:56:09,363 [INFO] ‚è±Ô∏è Monitoring task execution and quality validation for 120 seconds...
2025-07-16 14:56:09,484 [INFO] üîÑ 1 tasks in progress
2025-07-16 14:56:24,806 [INFO] üîÑ 2 tasks in progress
2025-07-16 14:56:40,324 [INFO] üîÑ 3 tasks in progress
2025-07-16 14:56:55,848 [INFO] üîÑ 3 tasks in progress
2025-07-16 14:57:11,102 [INFO] üîÑ 3 tasks in progress
2025-07-16 14:57:26,359 [INFO] üîÑ 3 tasks in progress
2025-07-16 14:57:41,664 [INFO] üîÑ 3 tasks in progress
2025-07-16 14:57:56,996 [INFO] üîÑ 3 tasks in progress
2025-07-16 14:58:12,129 [INFO] ‚úÖ Phase 4 Complete - Executed 0 tasks, 0 quality validations
2025-07-16 14:58:12,129 [INFO] üß† PHASE 5: MEMORY SYSTEM AND LEARNING
2025-07-16 14:58:12,177 [INFO] ‚úÖ Memory system active with 0 context entries
2025-07-16 14:58:12,184 [INFO] ‚úÖ Learning patterns identified: 0
2025-07-16 14:58:12,184 [INFO] ‚úÖ Phase 5 Complete - Memory system validation
2025-07-16 14:58:12,184 [INFO] üí≠ PHASE 6: REAL-TIME THINKING VALIDATION
2025-07-16 14:58:12,498 [INFO] ‚úÖ Thinking process captured: 6 reasoning steps across 3 processes
2025-07-16 14:58:12,498 [INFO] üß† Thinking quality score: 100.00% (6/6 high-confidence steps)
2025-07-16 14:58:12,498 [INFO] ‚úÖ Thinking process meets o3/Claude reasoning standards
2025-07-16 14:58:12,501 [INFO] ‚úÖ Phase 6 Complete - Thinking validation
2025-07-16 14:58:12,501 [INFO] üß† Thinking quality score: 100.00% (6/6 high-confidence steps)
2025-07-16 14:58:12,502 [INFO] üì¶ PHASE 7: DELIVERABLES AND CONTENT QUALITY
/opt/homebrew/lib/python3.13/site-packages/pydantic/_internal/_config.py:373: UserWarning: Valid config keys have changed in V2:
* 'allow_population_by_field_name' has been renamed to 'validate_by_name'
  warnings.warn(message, UserWarning)
2025-07-16 14:58:12,610 [WARNING] ‚ö†Ô∏è Schema verification system not available: No module named 'schema_verification'
2025-07-16 14:58:12,642 [INFO] ‚úÖ AI client initialized for memory processing
2025-07-16 14:58:12,642 [INFO] üß† Unified Memory Engine initialized successfully
2025-07-16 14:58:12,642 [INFO] ‚úÖ Unified Memory Engine module loaded with backward compatibility.
2025-07-16 14:58:12,642 [INFO] üß† Unified Memory System loaded successfully
2025-07-16 14:58:12,642 [INFO]    ‚îú‚îÄ Consolidated 3 files into unified_memory_engine.py
2025-07-16 14:58:12,642 [INFO]    ‚îú‚îÄ Backward compatibility maintained for all imports
2025-07-16 14:58:12,642 [INFO]    ‚îî‚îÄ Memory patterns, context storage, and AI generation unified
2025-07-16 14:58:12,648 [INFO] ‚úÖ Constraint Violation Preventer available for database operations
2025-07-16 14:58:12,649 [INFO] Connecting to Supabase at: https://szerliaxjcverzdoisik.supabase.co
2025-07-16 14:58:12,653 [INFO] ‚úÖ Supabase client (user-level) created successfully
2025-07-16 14:58:12,658 [INFO] ‚úÖ Supabase service client (admin-level) created successfully
/opt/homebrew/lib/python3.13/site-packages/pydantic/_internal/_config.py:373: UserWarning: Valid config keys have changed in V2:
* 'allow_population_by_field_name' has been renamed to 'validate_by_name'
  warnings.warn(message, UserWarning)
2025-07-16 14:58:12,672 [INFO] üóÑÔ∏è AssetDrivenDatabaseManager initialized
2025-07-16 14:58:12,673 [INFO] üîß Unified Deliverable Engine initialized
2025-07-16 14:58:12,673 [INFO] üîß Unified Deliverable System loaded successfully
2025-07-16 14:58:12,673 [INFO]    ‚îú‚îÄ Consolidated 6 files into unified_deliverable_engine.py
2025-07-16 14:58:12,673 [INFO]    ‚îú‚îÄ Backward compatibility maintained for all imports
2025-07-16 14:58:12,673 [INFO]    ‚îî‚îÄ Eliminated duplicate functionality across deliverable components
2025-07-16 14:58:12,673 [INFO] üöÄ Triggering deliverable creation for workspace...
2025-07-16 14:58:12,673 [INFO] check_and_create_final_deliverable called
2025-07-16 14:58:12,774 [INFO] ‚úÖ Deliverable created successfully: True
2025-07-16 14:58:12,784 [WARNING] ‚ö†Ô∏è No deliverables found
2025-07-16 14:58:12,784 [INFO] ‚úÖ Phase 7 Complete - 0 specific, 0 generic deliverables
2025-07-16 14:58:12,784 [INFO] üîß PHASE 8: RECENT FIXES VALIDATION
2025-07-16 14:58:12,909 [INFO] ‚úÖ Schema verification: FAILED
2025-07-16 14:58:12,909 [INFO] ‚úÖ JSON parsing robustness: PASSED
2025-07-16 14:58:13,023 [INFO] ‚úÖ Loop prevention: PASSED
2025-07-16 14:58:13,115 [INFO] ‚úÖ Quality validation enhancement: FAILED
2025-07-16 14:58:13,115 [INFO] ‚úÖ Phase 8 Complete - Recent fixes validation
2025-07-16 14:58:13,116 [INFO] üóÑÔ∏è PHASE 9: DATABASE INTEGRITY AND ANTI-LOOP PROTECTION
2025-07-16 14:58:13,217 [INFO] Goals validation: True (status: 200)
2025-07-16 14:58:13,301 [INFO] Tasks validation: True (status: 200)
2025-07-16 14:58:13,361 [INFO] Deliverables accessibility: False (status: 500)
2025-07-16 14:58:13,362 [WARNING] Goal-task relationship check failed: string indices must be integers, not 'str'
2025-07-16 14:58:13,362 [INFO] ‚úÖ Database linkage validation: FAILED
2025-07-16 14:58:13,484 [INFO] ‚úÖ Duplicate task check: 0 duplicates found
2025-07-16 14:58:13,599 [INFO] ‚úÖ Workspace status: active
2025-07-16 14:58:13,599 [INFO] ‚úÖ Phase 9 Complete - Database integrity validation
2025-07-16 14:58:13,600 [INFO] üèõÔ∏è PHASE 10: STRATEGIC PILLARS COMPLIANCE (ALL 14)
2025-07-16 14:58:13,614 [INFO] ‚úÖ Strategic pillars compliance: 11/14 (78.6%)
2025-07-16 14:58:13,614 [INFO]   pillar_1_openai_sdk: ‚úÖ COMPLIANT
2025-07-16 14:58:13,614 [INFO]   pillar_2_ai_driven: ‚úÖ COMPLIANT
2025-07-16 14:58:13,614 [INFO]   pillar_3_universal: ‚úÖ COMPLIANT
2025-07-16 14:58:13,614 [INFO]   pillar_4_scalable: ‚úÖ COMPLIANT
2025-07-16 14:58:13,614 [INFO]   pillar_5_goal_driven: ‚úÖ COMPLIANT
2025-07-16 14:58:13,614 [INFO]   pillar_6_memory_system: ‚úÖ COMPLIANT
2025-07-16 14:58:13,614 [INFO]   pillar_7_autonomous_pipeline: ‚ùå NON-COMPLIANT
2025-07-16 14:58:13,614 [INFO]   pillar_8_quality_gates: ‚ùå NON-COMPLIANT
2025-07-16 14:58:13,614 [INFO]   pillar_9_minimal_ui: ‚úÖ COMPLIANT
2025-07-16 14:58:13,614 [INFO]   pillar_10_real_time_thinking: ‚úÖ COMPLIANT
2025-07-16 14:58:13,614 [INFO]   pillar_11_production_ready: ‚úÖ COMPLIANT
2025-07-16 14:58:13,614 [INFO]   pillar_12_concrete_deliverables: ‚ùå NON-COMPLIANT
2025-07-16 14:58:13,614 [INFO]   pillar_13_course_correction: ‚úÖ COMPLIANT
2025-07-16 14:58:13,615 [INFO]   pillar_14_modular_tools: ‚úÖ COMPLIANT
2025-07-16 14:58:13,615 [INFO] ‚è±Ô∏è FINAL POLLING: Waiting for workspace to complete...
2025-07-16 14:58:13,683 [INFO] Polling workspace status: active (0s)
2025-07-16 14:58:13,772 [INFO] Task status: 0 pending, 3 in progress.
2025-07-16 14:58:28,903 [INFO] Polling workspace status: active (15s)
2025-07-16 14:58:29,063 [INFO] Task status: 0 pending, 3 in progress.
2025-07-16 14:58:44,184 [INFO] Polling workspace status: active (30s)
2025-07-16 14:58:44,299 [INFO] Task status: 0 pending, 3 in progress.
2025-07-16 14:58:59,666 [INFO] Polling workspace status: active (46s)
2025-07-16 14:58:59,891 [INFO] Task status: 0 pending, 3 in progress.
2025-07-16 14:59:14,962 [INFO] Polling workspace status: active (61s)
2025-07-16 14:59:15,086 [INFO] Task status: 0 pending, 3 in progress.
2025-07-16 14:59:30,243 [INFO] Polling workspace status: active (76s)
2025-07-16 14:59:30,412 [INFO] Task status: 0 pending, 3 in progress.
2025-07-16 14:59:45,655 [INFO] Polling workspace status: active (92s)
2025-07-16 14:59:45,857 [INFO] Task status: 0 pending, 3 in progress.
2025-07-16 15:00:01,683 [INFO] Polling workspace status: active (108s)
2025-07-16 15:00:02,485 [INFO] Task status: 0 pending, 3 in progress.
2025-07-16 15:00:17,889 [INFO] Polling workspace status: active (124s)
2025-07-16 15:00:18,976 [INFO] Task status: 0 pending, 3 in progress.
2025-07-16 15:00:34,418 [INFO] Polling workspace status: active (140s)
2025-07-16 15:00:34,632 [INFO] Task status: 0 pending, 3 in progress.
2025-07-16 15:00:49,703 [INFO] Polling workspace status: active (156s)
2025-07-16 15:00:49,815 [INFO] Task status: 0 pending, 3 in progress.
2025-07-16 15:01:04,924 [INFO] Polling workspace status: active (171s)
2025-07-16 15:01:05,043 [INFO] Task status: 0 pending, 3 in progress.
2025-07-16 15:01:20,286 [INFO] Polling workspace status: active (186s)
2025-07-16 15:01:20,386 [INFO] Task status: 0 pending, 3 in progress.
2025-07-16 15:01:35,455 [INFO] Polling workspace status: active (201s)
2025-07-16 15:01:35,551 [INFO] Task status: 0 pending, 3 in progress.
2025-07-16 15:01:50,938 [INFO] Polling workspace status: active (217s)
2025-07-16 15:01:51,175 [INFO] Task status: 0 pending, 3 in progress.
2025-07-16 15:02:06,826 [INFO] Polling workspace status: active (233s)
2025-07-16 15:02:08,602 [INFO] Task status: 0 pending, 3 in progress.
2025-07-16 15:02:28,462 [INFO] Polling workspace status: active (254s)
2025-07-16 15:02:35,026 [INFO] Task status: 0 pending, 3 in progress.
2025-07-16 15:02:58,907 [INFO] Polling workspace status: active (285s)
2025-07-16 15:02:59,895 [INFO] Task status: 0 pending, 3 in progress.
2025-07-16 15:03:14,897 [ERROR] ‚ùå COMPREHENSIVE TEST FAILED: Workspace did not reach 'completed' status within timeout.
Traceback (most recent call last):
  File "/Users/pelleri/Documents/ai-team-orchestrator/backend/comprehensive_e2e_test.py", line 162, in run_full_test_suite
    assert completion_success, "Workspace did not reach 'completed' status within timeout."
           ^^^^^^^^^^^^^^^^^^
AssertionError: Workspace did not reach 'completed' status within timeout.
2025-07-16 15:03:14,903 [ERROR] ‚ùå Test suite execution failed: Workspace did not reach 'completed' status within timeout.
Traceback (most recent call last):
  File "/Users/pelleri/Documents/ai-team-orchestrator/backend/comprehensive_e2e_test.py", line 934, in <module>
    asyncio.run(main())
    ~~~~~~~~~~~^^^^^^^^
  File "/opt/homebrew/Cellar/python@3.13/3.13.3/Frameworks/Python.framework/Versions/3.13/lib/python3.13/asyncio/runners.py", line 195, in run
    return runner.run(main)
           ~~~~~~~~~~^^^^^^
  File "/opt/homebrew/Cellar/python@3.13/3.13.3/Frameworks/Python.framework/Versions/3.13/lib/python3.13/asyncio/runners.py", line 118, in run
    return self._loop.run_until_complete(task)
           ~~~~~~~~~~~~~~~~~~~~~~~~~~~~~^^^^^^
  File "/opt/homebrew/Cellar/python@3.13/3.13.3/Frameworks/Python.framework/Versions/3.13/lib/python3.13/asyncio/base_events.py", line 719, in run_until_complete
    return future.result()
           ~~~~~~~~~~~~~^^
  File "/Users/pelleri/Documents/ai-team-orchestrator/backend/comprehensive_e2e_test.py", line 927, in main
    report = await test_suite.run_full_test_suite()
             ^^^^^^^^^^^^^^^^^^^^^^^^^^^^^^^^^^^^^^
  File "/Users/pelleri/Documents/ai-team-orchestrator/backend/comprehensive_e2e_test.py", line 162, in run_full_test_suite
    assert completion_success, "Workspace did not reach 'completed' status within timeout."
           ^^^^^^^^^^^^^^^^^^
AssertionError: Workspace did not reach 'completed' status within timeout.
